Determining if the pthread_create exist failed with the following output:
Change Dir: /root/workspace/carto_client/build/abseil/src/abseil-build/CMakeFiles/CMakeTmp

Run Build Command:"/usr/bin/make" "cmTC_b6c88/fast"
make[3]: Entering directory '/root/workspace/carto_client/build/abseil/src/abseil-build/CMakeFiles/CMakeTmp'
/usr/bin/make -f CMakeFiles/cmTC_b6c88.dir/build.make CMakeFiles/cmTC_b6c88.dir/build
make[4]: Entering directory '/root/workspace/carto_client/build/abseil/src/abseil-build/CMakeFiles/CMakeTmp'
Building C object CMakeFiles/cmTC_b6c88.dir/CheckSymbolExists.c.o
/usr/bin/cc   -fPIE   -o CMakeFiles/cmTC_b6c88.dir/CheckSymbolExists.c.o   -c /root/workspace/carto_client/build/abseil/src/abseil-build/CMakeFiles/CMakeTmp/CheckSymbolExists.c
Linking C executable cmTC_b6c88
/usr/bin/cmake -E cmake_link_script CMakeFiles/cmTC_b6c88.dir/link.txt --verbose=1
/usr/bin/cc      -rdynamic CMakeFiles/cmTC_b6c88.dir/CheckSymbolExists.c.o  -o cmTC_b6c88 
CMakeFiles/cmTC_b6c88.dir/CheckSymbolExists.c.o: In function `main':
CheckSymbolExists.c:(.text+0x1b): undefined reference to `pthread_create'
collect2: error: ld returned 1 exit status
CMakeFiles/cmTC_b6c88.dir/build.make:97: recipe for target 'cmTC_b6c88' failed
make[4]: *** [cmTC_b6c88] Error 1
make[4]: Leaving directory '/root/workspace/carto_client/build/abseil/src/abseil-build/CMakeFiles/CMakeTmp'
Makefile:126: recipe for target 'cmTC_b6c88/fast' failed
make[3]: *** [cmTC_b6c88/fast] Error 2
make[3]: Leaving directory '/root/workspace/carto_client/build/abseil/src/abseil-build/CMakeFiles/CMakeTmp'

File /root/workspace/carto_client/build/abseil/src/abseil-build/CMakeFiles/CMakeTmp/CheckSymbolExists.c:
/* */
#include <pthread.h>

int main(int argc, char** argv)
{
  (void)argv;
#ifndef pthread_create
  return ((int*)(&pthread_create))[argc];
#else
  (void)argc;
  return 0;
#endif
}

Determining if the function pthread_create exists in the pthreads failed with the following output:
Change Dir: /root/workspace/carto_client/build/abseil/src/abseil-build/CMakeFiles/CMakeTmp

Run Build Command:"/usr/bin/make" "cmTC_25871/fast"
make[3]: Entering directory '/root/workspace/carto_client/build/abseil/src/abseil-build/CMakeFiles/CMakeTmp'
/usr/bin/make -f CMakeFiles/cmTC_25871.dir/build.make CMakeFiles/cmTC_25871.dir/build
make[4]: Entering directory '/root/workspace/carto_client/build/abseil/src/abseil-build/CMakeFiles/CMakeTmp'
Building C object CMakeFiles/cmTC_25871.dir/CheckFunctionExists.c.o
/usr/bin/cc   -DCHECK_FUNCTION_EXISTS=pthread_create -fPIE   -o CMakeFiles/cmTC_25871.dir/CheckFunctionExists.c.o   -c /usr/share/cmake-3.10/Modules/CheckFunctionExists.c
Linking C executable cmTC_25871
/usr/bin/cmake -E cmake_link_script CMakeFiles/cmTC_25871.dir/link.txt --verbose=1
/usr/bin/cc  -DCHECK_FUNCTION_EXISTS=pthread_create    -rdynamic CMakeFiles/cmTC_25871.dir/CheckFunctionExists.c.o  -o cmTC_25871 -lpthreads 
/usr/bin/ld: cannot find -lpthreads
collect2: error: ld returned 1 exit status
CMakeFiles/cmTC_25871.dir/build.make:97: recipe for target 'cmTC_25871' failed
make[4]: *** [cmTC_25871] Error 1
make[4]: Leaving directory '/root/workspace/carto_client/build/abseil/src/abseil-build/CMakeFiles/CMakeTmp'
Makefile:126: recipe for target 'cmTC_25871/fast' failed
make[3]: *** [cmTC_25871/fast] Error 2
make[3]: Leaving directory '/root/workspace/carto_client/build/abseil/src/abseil-build/CMakeFiles/CMakeTmp'


